<?xml version="1.0" encoding="UTF-8"?>
<!-- Generated by org.testng.reporters.JUnitXMLReporter -->
<testsuite ignored="0" hostname="LAPTOP-VKBHV4LJ" failures="0" tests="12" name="Test" time="93.806" errors="0" timestamp="2024-10-10T02:48:49 GST">
  <testcase classname="qa.tests.Testcases" name="Testcase1_Bahrain_subscriptiontypesaredisplayed" time="1.964"/>
  <testcase classname="qa.tests.Testcases" name="Testcase_2_Bahrain_validatesubsriptionTypes" time="1.959"/>
  <testcase classname="qa.tests.Testcases" name="Testcase3_Bahrain_Validatesubscriptionprices" time="1.917"/>
  <testcase classname="qa.tests.Testcases" name="Testcase4_Bahrain_Validatesubsriptioncurrency" time="1.917"/>
  <testcase classname="qa.tests.Testcases" name="Testcase5_KSA_subscriptiontypesaredisplayed" time="1.863"/>
  <testcase classname="qa.tests.Testcases" name="Testcase6_KSA_validatesubsriptionTypes" time="2.066"/>
  <testcase classname="qa.tests.Testcases" name="Testcase7_KSA_Validatesubscriptionprices" time="2.071"/>
  <testcase classname="qa.tests.Testcases" name="Testcase8_KSA_Validatesubsriptioncurrency" time="0.143"/>
  <testcase classname="qa.tests.Testcases" name="Testcase9_Kuwait_subscriptiontypesaredisplayed" time="7.864"/>
  <testcase classname="qa.tests.Testcases" name="Testcase_10_Kuwait_validatesubsriptionTypes" time="6.677"/>
  <testcase classname="qa.tests.Testcases" name="Testcase11_Kuwait_Validatesubscriptionprices" time="6.177"/>
  <testcase classname="qa.tests.Testcases" name="Testcase12_Kuwait_Validatesubsriptioncurrency" time="2.162"/>
</testsuite> <!-- Test -->
