<?xml version="1.0" encoding="UTF-8"?>
<!-- Generated by org.testng.reporters.JUnitXMLReporter -->
<testsuite ignored="0" hostname="LAPTOP-VKBHV4LJ" failures="0" tests="12" name="Test" time="113.741" errors="0" timestamp="2024-10-09T04:56:25 GST">
  <testcase classname="qa.tests.Testcases" name="Testcase_001" time="3.863"/>
  <testcase classname="qa.tests.Testcases" name="Testcase_002" time="9.94"/>
  <testcase classname="qa.tests.Testcases" name="Testcase_003" time="2.359"/>
  <testcase classname="qa.tests.Testcases" name="Testcase_004" time="2.518"/>
  <testcase classname="qa.tests.Testcases" name="Testcase_005" time="2.212"/>
  <testcase classname="qa.tests.Testcases" name="Testcase_006" time="2.314"/>
  <testcase classname="qa.tests.Testcases" name="Testcase_007" time="2.514"/>
  <testcase classname="qa.tests.Testcases" name="Testcase_008" time="2.2"/>
  <testcase classname="qa.tests.Testcases" name="Testcase_9" time="2.888"/>
  <testcase classname="qa.tests.Testcases" name="Testcase_10" time="2.625"/>
  <testcase classname="qa.tests.Testcases" name="Testcase_11" time="7.348"/>
  <testcase classname="qa.tests.Testcases" name="Testcase_12" time="2.524"/>
</testsuite> <!-- Test -->
